<?xml version="1.0" encoding="UTF-8"?>
<testsuite name="ohtu.matkakortti.KassapaateTest" tests="4" skipped="0" failures="0" errors="0" timestamp="2018-11-25T12:34:52" hostname="ubuntu-pc" time="0.317">
  <properties/>
  <testcase name="kortiltaVelotetaanHintaJosRahaaOn" classname="ohtu.matkakortti.KassapaateTest" time="0.31"/>
  <testcase name="kortilleEiLadataJosMaaraOnNegatiivinen" classname="ohtu.matkakortti.KassapaateTest" time="0.002"/>
  <testcase name="kortiltaEiVelotetaJosRahaEiRiita" classname="ohtu.matkakortti.KassapaateTest" time="0.003"/>
  <testcase name="kortilleLadataanRahaaJosMaaraOnPositiivinen" classname="ohtu.matkakortti.KassapaateTest" time="0.002"/>
  <system-out><![CDATA[]]></system-out>
  <system-err><![CDATA[]]></system-err>
</testsuite>
